c:\users\pakhomchikai\documents\visual studio 2017\projects\kursova9clr\wrapper\wrapper\debug\wrapper.pch
c:\users\pakhomchikai\documents\visual studio 2017\projects\kursova9clr\wrapper\wrapper\debug\vc141.pdb
c:\users\pakhomchikai\documents\visual studio 2017\projects\kursova9clr\wrapper\wrapper\debug\stdafx.obj
c:\users\pakhomchikai\documents\visual studio 2017\projects\kursova9clr\wrapper\wrapper\debug\wrapper.obj
c:\users\pakhomchikai\documents\visual studio 2017\projects\kursova9clr\wrapper\wrapper\debug\goodwrapper.obj
c:\users\pakhomchikai\documents\visual studio 2017\projects\kursova9clr\wrapper\wrapper\debug\assemblyinfo.obj
c:\users\pakhomchikai\documents\visual studio 2017\projects\kursova9clr\wrapper\wrapper\debug\.netframework,version=v4.6.1.assemblyattributes.obj
c:\users\pakhomchikai\documents\visual studio 2017\projects\kursova9clr\wrapper\wrapper\debug\.netframework,version=v4.6.1.assemblyattributes.asm
c:\users\pakhomchikai\documents\visual studio 2017\projects\kursova9clr\wrapper\debug\wrapper.dll
c:\users\pakhomchikai\documents\visual studio 2017\projects\kursova9clr\wrapper\debug\wrapper.pdb
c:\users\pakhomchikai\documents\visual studio 2017\projects\kursova9clr\wrapper\wrapper\debug\app.res
c:\users\pakhomchikai\documents\visual studio 2017\projects\kursova9clr\wrapper\wrapper\debug\wrapper.tlog\cl.command.1.tlog
c:\users\pakhomchikai\documents\visual studio 2017\projects\kursova9clr\wrapper\wrapper\debug\wrapper.tlog\cl.read.1.tlog
c:\users\pakhomchikai\documents\visual studio 2017\projects\kursova9clr\wrapper\wrapper\debug\wrapper.tlog\cl.write.1.tlog
c:\users\pakhomchikai\documents\visual studio 2017\projects\kursova9clr\wrapper\wrapper\debug\wrapper.tlog\link.command.1.tlog
c:\users\pakhomchikai\documents\visual studio 2017\projects\kursova9clr\wrapper\wrapper\debug\wrapper.tlog\link.read.1.tlog
c:\users\pakhomchikai\documents\visual studio 2017\projects\kursova9clr\wrapper\wrapper\debug\wrapper.tlog\link.write.1.tlog
c:\users\pakhomchikai\documents\visual studio 2017\projects\kursova9clr\wrapper\wrapper\debug\wrapper.tlog\metagen.read.1.tlog
c:\users\pakhomchikai\documents\visual studio 2017\projects\kursova9clr\wrapper\wrapper\debug\wrapper.tlog\metagen.write.1.tlog
c:\users\pakhomchikai\documents\visual studio 2017\projects\kursova9clr\wrapper\wrapper\debug\wrapper.tlog\rc.command.1.tlog
c:\users\pakhomchikai\documents\visual studio 2017\projects\kursova9clr\wrapper\wrapper\debug\wrapper.tlog\rc.read.1.tlog
c:\users\pakhomchikai\documents\visual studio 2017\projects\kursova9clr\wrapper\wrapper\debug\wrapper.tlog\rc.write.1.tlog
